<?xml version="1.0" encoding="UTF-8"?>
<!-- Generated by org.testng.reporters.JUnitReportReporter -->
<testsuite skipped="0" hostname="prvnmali" name="test.HomeLoan" tests="3" failures="0" timestamp="04 Feb 2019 04:53:23 GMT" time="0.005" errors="0">
  <testcase name="webHomeloan" time="0.002" classname="test.HomeLoan"/>
  <testcase name="LoginApiHomeLoan" time="0.001" classname="test.HomeLoan"/>
  <testcase name="mobileLoginHomeLoan" time="0.002" classname="test.HomeLoan"/>
</testsuite> <!-- test.HomeLoan -->
