<?xml version="1.0" encoding="UTF-8"?>
<!-- Generated by org.testng.reporters.JUnitReportReporter -->
<testsuite skipped="0" hostname="prvnmali" name="test.Annots" tests="1" failures="0" timestamp="07 Feb 2019 03:12:15 GMT" time="0.012" errors="0">
  <testcase name="login" time="0.012" classname="test.Annots"/>
</testsuite> <!-- test.Annots -->
