<?xml version="1.0" encoding="UTF-8"?>
<!-- Generated by org.testng.reporters.JUnitReportReporter -->
<testsuite skipped="0" hostname="prvnmali" name="test.Basics" tests="2" failures="0" timestamp="04 Feb 2019 04:53:23 GMT" time="0.016" errors="0">
  <testcase name="demo" time="0.014" classname="test.Basics"/>
  <testcase name="seondTestCase" time="0.002" classname="test.Basics"/>
</testsuite> <!-- test.Basics -->
