<?xml version="1.0" encoding="UTF-8"?>
<!-- Generated by org.testng.reporters.JUnitReportReporter -->
<testsuite skipped="0" hostname="prvnmali" name="test.PersonalLoan" tests="1" failures="0" timestamp="04 Feb 2019 04:53:23 GMT" time="0.001" errors="0">
  <testcase name="personalLoanExample" time="0.001" classname="test.PersonalLoan"/>
</testsuite> <!-- test.PersonalLoan -->
